"Task Aware Debugger for GDB" version 11.5.0 (202112141049)
(c) 2016-2021 NXP Semiconductors, Inc.
==================================
10:04:11.717 INFO: [TadModel] DSF session ID 0 has started.
10:04:24.205 INFO: [TadState] TAD state changed: DEBUG_STARTED -> DEBUG_INIT_0 (SUSPENDED, USER_REQUEST)
10:04:26.424 INFO: [TadState] TAD state changed: DEBUG_INIT_0 -> DEBUG_INIT_1 (RESUMED, USER_REQUEST)
10:04:26.651 INFO: [TadState] TAD state changed: DEBUG_INIT_1 -> DEBUG_SUSPENDED (SUSPENDED, BREAKPOINT)
10:04:32.07 INFO: [TadState] TAD state changed: DEBUG_SUSPENDED -> DEBUG_RESUMED (RESUMED, STEP)
10:04:32.127 INFO: [TadState] TAD state changed: DEBUG_RESUMED -> READY (SUSPENDED, STEP)
10:04:34.938 INFO: [TadState] TAD state changed: READY -> DEBUG_RESUMED (RESUMED, STEP)
10:04:35.53 INFO: [TadState] TAD state changed: DEBUG_RESUMED -> READY (SUSPENDED, STEP)
10:04:37.818 INFO: [TadState] TAD state changed: READY -> DEBUG_RESUMED (RESUMED, STEP)
10:04:37.931 INFO: [TadState] TAD state changed: DEBUG_RESUMED -> READY (SUSPENDED, STEP)
10:04:39.138 INFO: [TadState] TAD state changed: READY -> DEBUG_RESUMED (RESUMED, STEP)
10:04:39.246 INFO: [TadState] TAD state changed: DEBUG_RESUMED -> READY (SUSPENDED, STEP)
10:04:41.988 INFO: [TadState] TAD state changed: READY -> DEBUG_RESUMED (RESUMED, STEP)
10:04:42.103 INFO: [TadState] TAD state changed: DEBUG_RESUMED -> READY (SUSPENDED, STEP)
10:04:44.898 INFO: [TadState] TAD state changed: READY -> DEBUG_RESUMED (RESUMED, STEP)
10:04:45.20 INFO: [TadState] TAD state changed: DEBUG_RESUMED -> READY (SUSPENDED, STEP)
10:04:50.894 INFO: [TadState] TAD state changed: READY -> DEBUG_RESUMED (RESUMED, STEP)
10:04:51.71 INFO: [TadState] TAD state changed: DEBUG_RESUMED -> READY (SUSPENDED, STEP)
10:04:53.861 INFO: [TadState] TAD state changed: READY -> DEBUG_RESUMED (RESUMED, STEP)
10:04:53.964 INFO: [TadState] TAD state changed: DEBUG_RESUMED -> READY (SUSPENDED, STEP)
10:04:55.651 INFO: [TadState] TAD state changed: READY -> DEBUG_RESUMED (RESUMED, STEP)
10:04:55.732 INFO: [TadState] TAD state changed: DEBUG_RESUMED -> READY (SUSPENDED, STEP)
10:04:56.861 INFO: [TadState] TAD state changed: READY -> DEBUG_RESUMED (RESUMED, STEP)
10:04:56.948 INFO: [TadState] TAD state changed: DEBUG_RESUMED -> READY (SUSPENDED, STEP)
10:04:58.463 INFO: [TadState] TAD state changed: READY -> DEBUG_RESUMED (RESUMED, STEP)
10:05:01.361 INFO: [TadState] TAD state changed: DEBUG_RESUMED -> READY (SUSPENDED, STEP)
10:05:05.131 INFO: [TadState] TAD state changed: READY -> DEBUG_RESUMED (RESUMED, STEP)
10:05:05.200 INFO: [TadState] TAD state changed: DEBUG_RESUMED -> READY (SUSPENDED, STEP)
10:05:06.169 INFO: [TadState] TAD state changed: READY -> DEBUG_RESUMED (RESUMED, STEP)
10:05:09.89 INFO: [TadState] TAD state changed: DEBUG_RESUMED -> READY (SUSPENDED, STEP)
10:05:09.754 INFO: [TadState] TAD state changed: READY -> DEBUG_RESUMED (RESUMED, STEP)
10:05:09.832 INFO: [TadState] TAD state changed: DEBUG_RESUMED -> READY (SUSPENDED, STEP)
10:05:10.545 INFO: [TadState] TAD state changed: READY -> DEBUG_RESUMED (RESUMED, STEP)
10:05:13.475 INFO: [TadState] TAD state changed: DEBUG_RESUMED -> READY (SUSPENDED, STEP)
10:05:19.98 INFO: [TadState] TAD state changed: READY -> DEBUG_RESUMED (RESUMED, STEP)
10:05:19.156 INFO: [TadState] TAD state changed: DEBUG_RESUMED -> READY (SUSPENDED, STEP)
10:05:19.194 INFO: [TadState] TAD state changed: READY -> DEBUG_RESUMED (RESUMED, STEP)
10:05:22.127 INFO: [TadState] TAD state changed: DEBUG_RESUMED -> READY (SUSPENDED, STEP)
10:05:23.700 INFO: [TadState] TAD state changed: READY -> DEBUG_RESUMED (RESUMED, STEP)
10:05:23.772 INFO: [TadState] TAD state changed: DEBUG_RESUMED -> READY (SUSPENDED, STEP)
10:05:25.788 INFO: [TadState] TAD state changed: READY -> DEBUG_RESUMED (RESUMED, STEP)
10:05:28.710 INFO: [TadState] TAD state changed: DEBUG_RESUMED -> READY (SUSPENDED, STEP)
10:05:30.364 INFO: [TadState] TAD state changed: READY -> DEBUG_RESUMED (RESUMED, STEP)
10:05:30.440 INFO: [TadState] TAD state changed: DEBUG_RESUMED -> READY (SUSPENDED, STEP)
10:05:33.417 INFO: [TadState] TAD state changed: READY -> DEBUG_RESUMED (RESUMED, STEP)
10:05:36.335 INFO: [TadState] TAD state changed: DEBUG_RESUMED -> READY (SUSPENDED, STEP)
10:05:37.956 INFO: [TadState] TAD state changed: READY -> DEBUG_RESUMED (RESUMED, STEP)
10:05:38.24 INFO: [TadState] TAD state changed: DEBUG_RESUMED -> READY (SUSPENDED, STEP)
10:05:47.182 INFO: [TadState] TAD state changed: READY -> DEBUG_RESUMED (RESUMED, USER_REQUEST)
10:05:59.631 INFO: [TadState] TAD state changed: DEBUG_RESUMED -> READY (SUSPENDED, SIGNAL)
10:06:05.198 INFO: [TadModel] DSF session ID 0 has ended.
