"Task Aware Debugger for GDB" version 11.5.0 (202112141049)
(c) 2016-2021 NXP Semiconductors, Inc.
==================================
11:08:28.388 INFO: [TadModel] DSF session ID 3 has started.
11:08:33.291 INFO: [TadState] TAD state changed: DEBUG_STARTED -> DEBUG_INIT_0 (SUSPENDED, USER_REQUEST)
11:08:35.171 INFO: [TadState] TAD state changed: DEBUG_INIT_0 -> DEBUG_INIT_1 (RESUMED, USER_REQUEST)
11:08:35.202 INFO: [TadState] TAD state changed: DEBUG_INIT_1 -> DEBUG_SUSPENDED (SUSPENDED, BREAKPOINT)
11:08:45.385 INFO: [TadState] TAD state changed: DEBUG_SUSPENDED -> DEBUG_RESUMED (RESUMED, STEP)
11:08:45.517 INFO: [TadState] TAD state changed: DEBUG_RESUMED -> READY (SUSPENDED, STEP)
11:08:45.932 INFO: [TadState] TAD state changed: READY -> DEBUG_RESUMED (RESUMED, STEP)
11:08:46.32 INFO: [TadState] TAD state changed: DEBUG_RESUMED -> READY (SUSPENDED, STEP)
11:08:46.289 INFO: [TadState] TAD state changed: READY -> DEBUG_RESUMED (RESUMED, STEP)
11:08:46.403 INFO: [TadState] TAD state changed: DEBUG_RESUMED -> READY (SUSPENDED, STEP)
11:08:46.630 INFO: [TadState] TAD state changed: READY -> DEBUG_RESUMED (RESUMED, STEP)
11:08:46.732 INFO: [TadState] TAD state changed: DEBUG_RESUMED -> READY (SUSPENDED, STEP)
11:08:48.518 INFO: [TadState] TAD state changed: READY -> DEBUG_RESUMED (RESUMED, STEP)
11:08:48.636 INFO: [TadState] TAD state changed: DEBUG_RESUMED -> READY (SUSPENDED, STEP)
11:08:51.116 INFO: [TadState] TAD state changed: READY -> DEBUG_RESUMED (RESUMED, STEP)
11:08:51.314 INFO: [TadState] TAD state changed: DEBUG_RESUMED -> READY (SUSPENDED, STEP)
11:08:54.709 INFO: [TadState] TAD state changed: READY -> DEBUG_RESUMED (RESUMED, STEP)
11:08:54.915 INFO: [TadState] TAD state changed: DEBUG_RESUMED -> READY (SUSPENDED, STEP)
11:08:59.733 INFO: [TadState] TAD state changed: READY -> DEBUG_RESUMED (RESUMED, STEP)
11:08:59.903 INFO: [TadState] TAD state changed: DEBUG_RESUMED -> READY (SUSPENDED, STEP)
11:09:02.747 INFO: [TadState] TAD state changed: READY -> DEBUG_RESUMED (RESUMED, STEP)
11:09:02.937 INFO: [TadState] TAD state changed: DEBUG_RESUMED -> READY (SUSPENDED, STEP)
11:09:06.801 INFO: [TadState] TAD state changed: READY -> DEBUG_RESUMED (RESUMED, STEP)
11:09:06.910 INFO: [TadState] TAD state changed: DEBUG_RESUMED -> READY (SUSPENDED, STEP)
11:09:09.948 INFO: [TadState] TAD state changed: READY -> DEBUG_RESUMED (RESUMED, STEP)
11:09:10.58 INFO: [TadState] TAD state changed: DEBUG_RESUMED -> READY (SUSPENDED, STEP)
11:09:12.264 INFO: [TadState] TAD state changed: READY -> DEBUG_RESUMED (RESUMED, STEP)
11:09:12.378 INFO: [TadState] TAD state changed: DEBUG_RESUMED -> READY (SUSPENDED, STEP)
11:09:14.468 INFO: [TadState] TAD state changed: READY -> DEBUG_RESUMED (RESUMED, STEP)
11:09:14.581 INFO: [TadState] TAD state changed: DEBUG_RESUMED -> READY (SUSPENDED, STEP)
11:09:16.885 INFO: [TadState] TAD state changed: READY -> DEBUG_RESUMED (RESUMED, STEP)
11:09:16.995 INFO: [TadState] TAD state changed: DEBUG_RESUMED -> READY (SUSPENDED, STEP)
11:09:17.963 INFO: [TadState] TAD state changed: READY -> DEBUG_RESUMED (RESUMED, STEP)
11:09:18.68 INFO: [TadState] TAD state changed: DEBUG_RESUMED -> READY (SUSPENDED, STEP)
11:09:18.572 INFO: [TadState] TAD state changed: READY -> DEBUG_RESUMED (RESUMED, STEP)
11:09:18.630 INFO: [TadState] TAD state changed: DEBUG_RESUMED -> READY (SUSPENDED, STEP)
11:09:19.56 INFO: [TadState] TAD state changed: READY -> DEBUG_RESUMED (RESUMED, STEP)
11:09:19.169 INFO: [TadState] TAD state changed: DEBUG_RESUMED -> READY (SUSPENDED, STEP)
11:09:19.607 INFO: [TadState] TAD state changed: READY -> DEBUG_RESUMED (RESUMED, STEP)
11:09:19.720 INFO: [TadState] TAD state changed: DEBUG_RESUMED -> READY (SUSPENDED, STEP)
11:09:20.174 INFO: [TadState] TAD state changed: READY -> DEBUG_RESUMED (RESUMED, STEP)
11:09:20.288 INFO: [TadState] TAD state changed: DEBUG_RESUMED -> READY (SUSPENDED, STEP)
11:09:20.701 INFO: [TadState] TAD state changed: READY -> DEBUG_RESUMED (RESUMED, STEP)
11:09:20.810 INFO: [TadState] TAD state changed: DEBUG_RESUMED -> READY (SUSPENDED, STEP)
11:09:21.315 INFO: [TadState] TAD state changed: READY -> DEBUG_RESUMED (RESUMED, STEP)
11:09:21.437 INFO: [TadState] TAD state changed: DEBUG_RESUMED -> READY (SUSPENDED, STEP)
11:09:21.821 INFO: [TadState] TAD state changed: READY -> DEBUG_RESUMED (RESUMED, STEP)
11:09:21.941 INFO: [TadState] TAD state changed: DEBUG_RESUMED -> READY (SUSPENDED, STEP)
11:09:22.309 INFO: [TadState] TAD state changed: READY -> DEBUG_RESUMED (RESUMED, STEP)
11:09:22.422 INFO: [TadState] TAD state changed: DEBUG_RESUMED -> READY (SUSPENDED, STEP)
11:09:22.774 INFO: [TadState] TAD state changed: READY -> DEBUG_RESUMED (RESUMED, STEP)
11:09:22.880 INFO: [TadState] TAD state changed: DEBUG_RESUMED -> READY (SUSPENDED, STEP)
11:09:23.268 INFO: [TadState] TAD state changed: READY -> DEBUG_RESUMED (RESUMED, STEP)
11:09:23.381 INFO: [TadState] TAD state changed: DEBUG_RESUMED -> READY (SUSPENDED, STEP)
11:09:23.756 INFO: [TadState] TAD state changed: READY -> DEBUG_RESUMED (RESUMED, STEP)
11:09:23.841 INFO: [TadState] TAD state changed: DEBUG_RESUMED -> READY (SUSPENDED, STEP)
11:09:24.203 INFO: [TadState] TAD state changed: READY -> DEBUG_RESUMED (RESUMED, STEP)
11:09:24.299 INFO: [TadState] TAD state changed: DEBUG_RESUMED -> READY (SUSPENDED, STEP)
11:09:24.453 INFO: [TadState] TAD state changed: READY -> DEBUG_RESUMED (RESUMED, STEP)
11:09:24.562 INFO: [TadState] TAD state changed: DEBUG_RESUMED -> READY (SUSPENDED, STEP)
11:09:24.615 INFO: [TadState] TAD state changed: READY -> DEBUG_RESUMED (RESUMED, STEP)
11:09:24.720 INFO: [TadState] TAD state changed: DEBUG_RESUMED -> READY (SUSPENDED, STEP)
11:09:24.785 INFO: [TadState] TAD state changed: READY -> DEBUG_RESUMED (RESUMED, STEP)
11:09:24.892 INFO: [TadState] TAD state changed: DEBUG_RESUMED -> READY (SUSPENDED, STEP)
11:09:24.963 INFO: [TadState] TAD state changed: READY -> DEBUG_RESUMED (RESUMED, STEP)
11:09:25.70 INFO: [TadState] TAD state changed: DEBUG_RESUMED -> READY (SUSPENDED, STEP)
11:09:25.323 INFO: [TadState] TAD state changed: READY -> DEBUG_RESUMED (RESUMED, STEP)
11:09:25.430 INFO: [TadState] TAD state changed: DEBUG_RESUMED -> READY (SUSPENDED, STEP)
11:09:25.531 INFO: [TadState] TAD state changed: READY -> DEBUG_RESUMED (RESUMED, STEP)
11:09:25.634 INFO: [TadState] TAD state changed: DEBUG_RESUMED -> READY (SUSPENDED, STEP)
11:09:25.717 INFO: [TadState] TAD state changed: READY -> DEBUG_RESUMED (RESUMED, STEP)
11:09:25.827 INFO: [TadState] TAD state changed: DEBUG_RESUMED -> READY (SUSPENDED, STEP)
11:09:26.112 INFO: [TadState] TAD state changed: READY -> DEBUG_RESUMED (RESUMED, STEP)
11:09:26.215 INFO: [TadState] TAD state changed: DEBUG_RESUMED -> READY (SUSPENDED, STEP)
11:09:26.329 INFO: [TadState] TAD state changed: READY -> DEBUG_RESUMED (RESUMED, STEP)
11:09:26.406 INFO: [TadState] TAD state changed: DEBUG_RESUMED -> READY (SUSPENDED, STEP)
11:09:26.512 INFO: [TadState] TAD state changed: READY -> DEBUG_RESUMED (RESUMED, STEP)
11:09:26.597 INFO: [TadState] TAD state changed: DEBUG_RESUMED -> READY (SUSPENDED, STEP)
11:09:26.681 INFO: [TadState] TAD state changed: READY -> DEBUG_RESUMED (RESUMED, STEP)
11:09:26.788 INFO: [TadState] TAD state changed: DEBUG_RESUMED -> READY (SUSPENDED, STEP)
11:09:26.844 INFO: [TadState] TAD state changed: READY -> DEBUG_RESUMED (RESUMED, STEP)
11:09:26.951 INFO: [TadState] TAD state changed: DEBUG_RESUMED -> READY (SUSPENDED, STEP)
11:09:27.10 INFO: [TadState] TAD state changed: READY -> DEBUG_RESUMED (RESUMED, STEP)
11:09:27.114 INFO: [TadState] TAD state changed: DEBUG_RESUMED -> READY (SUSPENDED, STEP)
11:09:27.179 INFO: [TadState] TAD state changed: READY -> DEBUG_RESUMED (RESUMED, STEP)
11:09:27.282 INFO: [TadState] TAD state changed: DEBUG_RESUMED -> READY (SUSPENDED, STEP)
11:09:27.353 INFO: [TadState] TAD state changed: READY -> DEBUG_RESUMED (RESUMED, STEP)
11:09:27.460 INFO: [TadState] TAD state changed: DEBUG_RESUMED -> READY (SUSPENDED, STEP)
11:09:27.532 INFO: [TadState] TAD state changed: READY -> DEBUG_RESUMED (RESUMED, STEP)
11:09:27.635 INFO: [TadState] TAD state changed: DEBUG_RESUMED -> READY (SUSPENDED, STEP)
11:09:27.710 INFO: [TadState] TAD state changed: READY -> DEBUG_RESUMED (RESUMED, STEP)
11:09:27.814 INFO: [TadState] TAD state changed: DEBUG_RESUMED -> READY (SUSPENDED, STEP)
11:09:27.885 INFO: [TadState] TAD state changed: READY -> DEBUG_RESUMED (RESUMED, STEP)
11:09:27.988 INFO: [TadState] TAD state changed: DEBUG_RESUMED -> READY (SUSPENDED, STEP)
11:09:28.75 INFO: [TadState] TAD state changed: READY -> DEBUG_RESUMED (RESUMED, STEP)
11:09:28.160 INFO: [TadState] TAD state changed: DEBUG_RESUMED -> READY (SUSPENDED, STEP)
11:09:28.228 INFO: [TadState] TAD state changed: READY -> DEBUG_RESUMED (RESUMED, STEP)
11:09:28.308 INFO: [TadState] TAD state changed: DEBUG_RESUMED -> READY (SUSPENDED, STEP)
11:09:28.413 INFO: [TadState] TAD state changed: READY -> DEBUG_RESUMED (RESUMED, STEP)
11:09:28.513 INFO: [TadState] TAD state changed: DEBUG_RESUMED -> READY (SUSPENDED, STEP)
11:09:28.601 INFO: [TadState] TAD state changed: READY -> DEBUG_RESUMED (RESUMED, STEP)
11:09:28.706 INFO: [TadState] TAD state changed: DEBUG_RESUMED -> READY (SUSPENDED, STEP)
11:09:28.800 INFO: [TadState] TAD state changed: READY -> DEBUG_RESUMED (RESUMED, STEP)
11:09:28.908 INFO: [TadState] TAD state changed: DEBUG_RESUMED -> READY (SUSPENDED, STEP)
11:09:29.00 INFO: [TadState] TAD state changed: READY -> DEBUG_RESUMED (RESUMED, STEP)
11:09:29.106 INFO: [TadState] TAD state changed: DEBUG_RESUMED -> READY (SUSPENDED, STEP)
11:09:29.195 INFO: [TadState] TAD state changed: READY -> DEBUG_RESUMED (RESUMED, STEP)
11:09:29.297 INFO: [TadState] TAD state changed: DEBUG_RESUMED -> READY (SUSPENDED, STEP)
11:09:29.360 INFO: [TadState] TAD state changed: READY -> DEBUG_RESUMED (RESUMED, STEP)
11:09:29.461 INFO: [TadState] TAD state changed: DEBUG_RESUMED -> READY (SUSPENDED, STEP)
11:09:29.537 INFO: [TadState] TAD state changed: READY -> DEBUG_RESUMED (RESUMED, STEP)
11:09:29.642 INFO: [TadState] TAD state changed: DEBUG_RESUMED -> READY (SUSPENDED, STEP)
11:09:29.717 INFO: [TadState] TAD state changed: READY -> DEBUG_RESUMED (RESUMED, STEP)
11:09:29.821 INFO: [TadState] TAD state changed: DEBUG_RESUMED -> READY (SUSPENDED, STEP)
11:09:29.896 INFO: [TadState] TAD state changed: READY -> DEBUG_RESUMED (RESUMED, STEP)
11:09:29.993 INFO: [TadState] TAD state changed: DEBUG_RESUMED -> READY (SUSPENDED, STEP)
11:09:30.80 INFO: [TadState] TAD state changed: READY -> DEBUG_RESUMED (RESUMED, STEP)
11:09:30.151 INFO: [TadState] TAD state changed: DEBUG_RESUMED -> READY (SUSPENDED, STEP)
11:09:30.281 INFO: [TadState] TAD state changed: READY -> DEBUG_RESUMED (RESUMED, STEP)
11:09:30.377 INFO: [TadState] TAD state changed: DEBUG_RESUMED -> READY (SUSPENDED, STEP)
11:09:30.480 INFO: [TadState] TAD state changed: READY -> DEBUG_RESUMED (RESUMED, STEP)
11:09:30.583 INFO: [TadState] TAD state changed: DEBUG_RESUMED -> READY (SUSPENDED, STEP)
11:09:30.648 INFO: [TadState] TAD state changed: READY -> DEBUG_RESUMED (RESUMED, STEP)
11:09:30.753 INFO: [TadState] TAD state changed: DEBUG_RESUMED -> READY (SUSPENDED, STEP)
11:09:30.830 INFO: [TadState] TAD state changed: READY -> DEBUG_RESUMED (RESUMED, STEP)
11:09:30.941 INFO: [TadState] TAD state changed: DEBUG_RESUMED -> READY (SUSPENDED, STEP)
11:09:31.16 INFO: [TadState] TAD state changed: READY -> DEBUG_RESUMED (RESUMED, STEP)
11:09:31.141 INFO: [TadState] TAD state changed: DEBUG_RESUMED -> READY (SUSPENDED, STEP)
11:09:31.201 INFO: [TadState] TAD state changed: READY -> DEBUG_RESUMED (RESUMED, STEP)
11:09:31.302 INFO: [TadState] TAD state changed: DEBUG_RESUMED -> READY (SUSPENDED, STEP)
11:09:31.384 INFO: [TadState] TAD state changed: READY -> DEBUG_RESUMED (RESUMED, STEP)
11:09:31.484 INFO: [TadState] TAD state changed: DEBUG_RESUMED -> READY (SUSPENDED, STEP)
11:09:31.570 INFO: [TadState] TAD state changed: READY -> DEBUG_RESUMED (RESUMED, STEP)
11:09:31.667 INFO: [TadState] TAD state changed: DEBUG_RESUMED -> READY (SUSPENDED, STEP)
11:09:31.765 INFO: [TadState] TAD state changed: READY -> DEBUG_RESUMED (RESUMED, STEP)
11:09:31.845 INFO: [TadState] TAD state changed: DEBUG_RESUMED -> READY (SUSPENDED, STEP)
11:09:31.987 INFO: [TadState] TAD state changed: READY -> DEBUG_RESUMED (RESUMED, STEP)
11:09:32.65 INFO: [TadState] TAD state changed: DEBUG_RESUMED -> READY (SUSPENDED, STEP)
11:09:32.183 INFO: [TadState] TAD state changed: READY -> DEBUG_RESUMED (RESUMED, STEP)
11:09:32.212 INFO: [TadState] TAD state changed: DEBUG_RESUMED -> READY (SUSPENDED, STEP)
11:09:32.368 INFO: [TadState] TAD state changed: READY -> DEBUG_RESUMED (RESUMED, STEP)
11:09:32.480 INFO: [TadState] TAD state changed: DEBUG_RESUMED -> READY (SUSPENDED, STEP)
11:09:56.867 INFO: [TadModel] DSF session ID 3 has ended.
