"Task Aware Debugger for GDB" version 11.5.0 (202112141049)
(c) 2016-2021 NXP Semiconductors, Inc.
==================================
11:01:42.748 INFO: [TadModel] DSF session ID 2 has started.
11:01:47.413 INFO: [TadState] TAD state changed: DEBUG_STARTED -> DEBUG_INIT_0 (SUSPENDED, USER_REQUEST)
11:01:48.759 INFO: [TadState] TAD state changed: DEBUG_INIT_0 -> DEBUG_INIT_1 (RESUMED, USER_REQUEST)
11:01:48.789 INFO: [TadState] TAD state changed: DEBUG_INIT_1 -> DEBUG_SUSPENDED (SUSPENDED, BREAKPOINT)
11:02:01.97 INFO: [TadState] TAD state changed: DEBUG_SUSPENDED -> DEBUG_RESUMED (RESUMED, STEP)
11:02:01.236 INFO: [TadState] TAD state changed: DEBUG_RESUMED -> READY (SUSPENDED, STEP)
11:02:01.681 INFO: [TadState] TAD state changed: READY -> DEBUG_RESUMED (RESUMED, STEP)
11:02:01.791 INFO: [TadState] TAD state changed: DEBUG_RESUMED -> READY (SUSPENDED, STEP)
11:02:02.746 INFO: [TadState] TAD state changed: READY -> DEBUG_RESUMED (RESUMED, STEP)
11:02:02.859 INFO: [TadState] TAD state changed: DEBUG_RESUMED -> READY (SUSPENDED, STEP)
11:02:04.257 INFO: [TadState] TAD state changed: READY -> DEBUG_RESUMED (RESUMED, STEP)
11:02:04.367 INFO: [TadState] TAD state changed: DEBUG_RESUMED -> READY (SUSPENDED, STEP)
11:02:07.03 INFO: [TadState] TAD state changed: READY -> DEBUG_RESUMED (RESUMED, STEP)
11:02:07.202 INFO: [TadState] TAD state changed: DEBUG_RESUMED -> READY (SUSPENDED, STEP)
11:02:08.88 INFO: [TadState] TAD state changed: READY -> DEBUG_RESUMED (RESUMED, STEP)
11:02:08.263 INFO: [TadState] TAD state changed: DEBUG_RESUMED -> READY (SUSPENDED, STEP)
11:02:09.102 INFO: [TadState] TAD state changed: READY -> DEBUG_RESUMED (RESUMED, STEP)
11:02:09.207 INFO: [TadState] TAD state changed: DEBUG_RESUMED -> READY (SUSPENDED, STEP)
11:02:09.906 INFO: [TadState] TAD state changed: READY -> DEBUG_RESUMED (RESUMED, STEP)
11:02:10.15 INFO: [TadState] TAD state changed: DEBUG_RESUMED -> READY (SUSPENDED, STEP)
11:02:10.785 INFO: [TadState] TAD state changed: READY -> DEBUG_RESUMED (RESUMED, STEP)
11:02:10.894 INFO: [TadState] TAD state changed: DEBUG_RESUMED -> READY (SUSPENDED, STEP)
11:02:11.588 INFO: [TadState] TAD state changed: READY -> DEBUG_RESUMED (RESUMED, STEP)
11:02:11.703 INFO: [TadState] TAD state changed: DEBUG_RESUMED -> READY (SUSPENDED, STEP)
11:02:20.773 INFO: [TadModel] DSF session ID 2 has ended.
